This file contains any messages produced by compilers while
running configure, to aid debugging if configure makes a mistake.

It was created by configure, which was
generated by GNU Autoconf 2.69.  Invocation command line was

  $ ./configure 

## --------- ##
## Platform. ##
## --------- ##

hostname = integral
uname -m = x86_64
uname -r = 5.3.0-62-generic
uname -s = Linux
uname -v = #56-Ubuntu SMP Tue Jun 23 11:20:52 UTC 2020

/usr/bin/uname -p = x86_64
/bin/uname -X     = unknown

/bin/arch              = x86_64
/usr/bin/arch -k       = unknown
/usr/convex/getsysinfo = unknown
/usr/bin/hostinfo      = unknown
/bin/machine           = unknown
/usr/bin/oslevel       = unknown
/bin/universe          = unknown

PATH: /home/ammarfaizi2/.local/bin
PATH: /usr/local/sbin
PATH: /usr/local/bin
PATH: /usr/sbin
PATH: /usr/bin
PATH: /sbin
PATH: /bin
PATH: /usr/games
PATH: /usr/local/games
PATH: /snap/bin
PATH: /home/ammarfaizi2/.dotnet/tools


## ----------- ##
## Core tests. ##
## ----------- ##

configure:2428: checking for grep that handles long lines and -e
configure:2486: result: /usr/bin/grep
configure:2491: checking for egrep
configure:2553: result: /usr/bin/grep -E
configure:2558: checking for a sed that does not truncate output
configure:2622: result: /usr/bin/sed
configure:2761: checking for pkg-config
configure:2779: found /usr/bin/pkg-config
configure:2791: result: /usr/bin/pkg-config
configure:2816: checking pkg-config is at least version 0.9.0
configure:2819: result: yes
configure:2881: checking for cc
configure:2897: found /usr/bin/cc
configure:2908: result: cc
configure:2939: checking for C compiler version
configure:2948: cc --version >&5
cc (Ubuntu 9.2.1-9ubuntu2) 9.2.1 20191008
Copyright (C) 2019 Free Software Foundation, Inc.
This is free software; see the source for copying conditions.  There is NO
warranty; not even for MERCHANTABILITY or FITNESS FOR A PARTICULAR PURPOSE.

configure:2959: $? = 0
configure:2948: cc -v >&5
Using built-in specs.
COLLECT_GCC=cc
COLLECT_LTO_WRAPPER=/usr/lib/gcc/x86_64-linux-gnu/9/lto-wrapper
OFFLOAD_TARGET_NAMES=nvptx-none:hsa
OFFLOAD_TARGET_DEFAULT=1
Target: x86_64-linux-gnu
Configured with: ../src/configure -v --with-pkgversion='Ubuntu 9.2.1-9ubuntu2' --with-bugurl=file:///usr/share/doc/gcc-9/README.Bugs --enable-languages=c,ada,c++,go,brig,d,fortran,objc,obj-c++,gm2 --prefix=/usr --with-gcc-major-version-only --program-suffix=-9 --program-prefix=x86_64-linux-gnu- --enable-shared --enable-linker-build-id --libexecdir=/usr/lib --without-included-gettext --enable-threads=posix --libdir=/usr/lib --enable-nls --enable-bootstrap --enable-clocale=gnu --enable-libstdcxx-debug --enable-libstdcxx-time=yes --with-default-libstdcxx-abi=new --enable-gnu-unique-object --disable-vtable-verify --enable-plugin --enable-default-pie --with-system-zlib --with-target-system-zlib=auto --enable-multiarch --disable-werror --with-arch-32=i686 --with-abi=m64 --with-multilib-list=m32,m64,mx32 --enable-multilib --with-tune=generic --enable-offload-targets=nvptx-none,hsa --without-cuda-driver --enable-checking=release --build=x86_64-linux-gnu --host=x86_64-linux-gnu --target=x86_64-linux-gnu
Thread model: posix
gcc version 9.2.1 20191008 (Ubuntu 9.2.1-9ubuntu2) 
configure:2959: $? = 0
configure:2948: cc -V >&5
cc: error: unrecognized command line option '-V'
cc: fatal error: no input files
compilation terminated.
configure:2959: $? = 1
configure:2948: cc -qversion >&5
cc: error: unrecognized command line option '-qversion'; did you mean '--version'?
cc: fatal error: no input files
compilation terminated.
configure:2959: $? = 1
configure:2979: checking whether the C compiler works
configure:3001: cc    conftest.c  >&5
configure:3005: $? = 0
configure:3053: result: yes
configure:3056: checking for C compiler default output file name
configure:3058: result: a.out
configure:3064: checking for suffix of executables
configure:3071: cc -o conftest    conftest.c  >&5
configure:3075: $? = 0
configure:3097: result: 
configure:3119: checking whether we are cross compiling
configure:3127: cc -o conftest    conftest.c  >&5
configure:3131: $? = 0
configure:3138: ./conftest
configure:3142: $? = 0
configure:3130: result: no
configure:3135: checking for suffix of object files
configure:3157: cc -c   conftest.c >&5
configure:3161: $? = 0
configure:3182: result: o
configure:3186: checking whether we are using the GNU C compiler
configure:3205: cc -c   conftest.c >&5
configure:3205: $? = 0
configure:3214: result: yes
configure:3223: checking whether cc accepts -g
configure:3243: cc -c -g  conftest.c >&5
configure:3243: $? = 0
configure:3284: result: yes
configure:3301: checking for cc option to accept ISO C89
configure:3364: cc  -c -g -O2  conftest.c >&5
configure:3364: $? = 0
configure:3377: result: none needed
configure:3403: checking how to run the C preprocessor
configure:3434: cc -E  conftest.c
configure:3434: $? = 0
configure:3448: cc -E  conftest.c
conftest.c:9:10: fatal error: ac_nonexistent.h: No such file or directory
    9 | #include <ac_nonexistent.h>
      |          ^~~~~~~~~~~~~~~~~~
compilation terminated.
configure:3448: $? = 1
configure: failed program was:
| /* confdefs.h */
| #define PACKAGE_NAME ""
| #define PACKAGE_TARNAME ""
| #define PACKAGE_VERSION ""
| #define PACKAGE_STRING ""
| #define PACKAGE_BUGREPORT ""
| #define PACKAGE_URL ""
| /* end confdefs.h.  */
| #include <ac_nonexistent.h>
configure:3473: result: cc -E
configure:3493: cc -E  conftest.c
configure:3493: $? = 0
configure:3507: cc -E  conftest.c
conftest.c:9:10: fatal error: ac_nonexistent.h: No such file or directory
    9 | #include <ac_nonexistent.h>
      |          ^~~~~~~~~~~~~~~~~~
compilation terminated.
configure:3507: $? = 1
configure: failed program was:
| /* confdefs.h */
| #define PACKAGE_NAME ""
| #define PACKAGE_TARNAME ""
| #define PACKAGE_VERSION ""
| #define PACKAGE_STRING ""
| #define PACKAGE_BUGREPORT ""
| #define PACKAGE_URL ""
| /* end confdefs.h.  */
| #include <ac_nonexistent.h>
configure:3538: checking for icc
configure:3547: result: no
configure:3561: checking for suncc
configure:3570: result: no
configure:3588: checking for system library directory
configure:3603: result: lib
configure:3610: checking if compiler supports -R
configure:3629: cc -o conftest -g -O2   conftest.c -R /usr/lib  >&5
cc: error: unrecognized command line option '-R'
configure:3629: $? = 1
configure: failed program was:
| /* confdefs.h */
| #define PACKAGE_NAME ""
| #define PACKAGE_TARNAME ""
| #define PACKAGE_VERSION ""
| #define PACKAGE_STRING ""
| #define PACKAGE_BUGREPORT ""
| #define PACKAGE_URL ""
| /* end confdefs.h.  */
| 
| int
| main ()
| {
| 
|   ;
|   return 0;
| }
configure:3639: result: no
configure:3644: checking if compiler supports -Wl,-rpath,
configure:3663: cc -o conftest -g -O2   conftest.c -Wl,-rpath,/usr/lib  >&5
configure:3663: $? = 0
configure:3673: result: yes
configure:3689: checking build system type
configure:3703: result: x86_64-pc-linux-gnu
configure:3723: checking host system type
configure:3736: result: x86_64-pc-linux-gnu
configure:3756: checking target system type
configure:3769: result: x86_64-pc-linux-gnu
configure:3872: checking for PHP prefix
configure:3874: result: /usr/local
configure:3876: checking for PHP includes
configure:3878: result: -I/usr/local/include/php -I/usr/local/include/php/main -I/usr/local/include/php/TSRM -I/usr/local/include/php/Zend -I/usr/local/include/php/ext -I/usr/local/include/php/ext/date/lib
configure:3880: checking for PHP extension directory
configure:3882: result: /usr/local/lib/php/extensions/debug-zts-20190902
configure:3884: checking for PHP installed headers prefix
configure:3886: result: /usr/local/include/php
configure:3889: checking if debug is enabled
configure:3915: result: yes
configure:3918: checking if zts is enabled
configure:3944: result: yes
configure:4012: checking for gawk
configure:4043: result: no
configure:4012: checking for nawk
configure:4029: found /usr/bin/nawk
configure:4040: result: nawk
configure:4063: checking if nawk is broken
configure:4070: result: no
configure:4085: checking for teabot8 support
configure:4124: result: yes, shared
configure:4191: checking for g++
configure:4207: found /usr/bin/g++
configure:4218: result: g++
configure:4245: checking for C++ compiler version
configure:4254: g++ --version >&5
g++ (Ubuntu 9.2.1-9ubuntu2) 9.2.1 20191008
Copyright (C) 2019 Free Software Foundation, Inc.
This is free software; see the source for copying conditions.  There is NO
warranty; not even for MERCHANTABILITY or FITNESS FOR A PARTICULAR PURPOSE.

configure:4265: $? = 0
configure:4254: g++ -v >&5
Using built-in specs.
COLLECT_GCC=g++
COLLECT_LTO_WRAPPER=/usr/lib/gcc/x86_64-linux-gnu/9/lto-wrapper
OFFLOAD_TARGET_NAMES=nvptx-none:hsa
OFFLOAD_TARGET_DEFAULT=1
Target: x86_64-linux-gnu
Configured with: ../src/configure -v --with-pkgversion='Ubuntu 9.2.1-9ubuntu2' --with-bugurl=file:///usr/share/doc/gcc-9/README.Bugs --enable-languages=c,ada,c++,go,brig,d,fortran,objc,obj-c++,gm2 --prefix=/usr --with-gcc-major-version-only --program-suffix=-9 --program-prefix=x86_64-linux-gnu- --enable-shared --enable-linker-build-id --libexecdir=/usr/lib --without-included-gettext --enable-threads=posix --libdir=/usr/lib --enable-nls --enable-bootstrap --enable-clocale=gnu --enable-libstdcxx-debug --enable-libstdcxx-time=yes --with-default-libstdcxx-abi=new --enable-gnu-unique-object --disable-vtable-verify --enable-plugin --enable-default-pie --with-system-zlib --with-target-system-zlib=auto --enable-multiarch --disable-werror --with-arch-32=i686 --with-abi=m64 --with-multilib-list=m32,m64,mx32 --enable-multilib --with-tune=generic --enable-offload-targets=nvptx-none,hsa --without-cuda-driver --enable-checking=release --build=x86_64-linux-gnu --host=x86_64-linux-gnu --target=x86_64-linux-gnu
Thread model: posix
gcc version 9.2.1 20191008 (Ubuntu 9.2.1-9ubuntu2) 
configure:4265: $? = 0
configure:4254: g++ -V >&5
g++: error: unrecognized command line option '-V'
g++: fatal error: no input files
compilation terminated.
configure:4265: $? = 1
configure:4254: g++ -qversion >&5
g++: error: unrecognized command line option '-qversion'; did you mean '--version'?
g++: fatal error: no input files
compilation terminated.
configure:4265: $? = 1
configure:4269: checking whether we are using the GNU C++ compiler
configure:4288: g++ -c  -g -O0  conftest.cpp >&5
configure:4288: $? = 0
configure:4297: result: yes
configure:4306: checking whether g++ accepts -g
configure:4326: g++ -c -g  conftest.cpp >&5
configure:4326: $? = 0
configure:4367: result: yes
configure:4395: checking how to run the C++ preprocessor
configure:4422: g++ -E  conftest.cpp
configure:4422: $? = 0
configure:4436: g++ -E  conftest.cpp
conftest.cpp:9:10: fatal error: ac_nonexistent.h: No such file or directory
    9 | #include <ac_nonexistent.h>
      |          ^~~~~~~~~~~~~~~~~~
compilation terminated.
configure:4436: $? = 1
configure: failed program was:
| /* confdefs.h */
| #define PACKAGE_NAME ""
| #define PACKAGE_TARNAME ""
| #define PACKAGE_VERSION ""
| #define PACKAGE_STRING ""
| #define PACKAGE_BUGREPORT ""
| #define PACKAGE_URL ""
| /* end confdefs.h.  */
| #include <ac_nonexistent.h>
configure:4461: result: g++ -E
configure:4481: g++ -E  conftest.cpp
configure:4481: $? = 0
configure:4495: g++ -E  conftest.cpp
conftest.cpp:9:10: fatal error: ac_nonexistent.h: No such file or directory
    9 | #include <ac_nonexistent.h>
      |          ^~~~~~~~~~~~~~~~~~
compilation terminated.
configure:4495: $? = 1
configure: failed program was:
| /* confdefs.h */
| #define PACKAGE_NAME ""
| #define PACKAGE_TARNAME ""
| #define PACKAGE_VERSION ""
| #define PACKAGE_STRING ""
| #define PACKAGE_BUGREPORT ""
| #define PACKAGE_URL ""
| /* end confdefs.h.  */
| #include <ac_nonexistent.h>
configure:4863: checking for a sed that does not truncate output
configure:4917: result: /usr/bin/sed
configure:4931: checking for ld used by cc
configure:4998: result: /usr/bin/ld
configure:5005: checking if the linker (/usr/bin/ld) is GNU ld
configure:5020: result: yes
configure:5025: checking for /usr/bin/ld option to reload object files
configure:5032: result: -r
configure:5050: checking for BSD-compatible nm
configure:5099: result: /usr/bin/nm -B
configure:5103: checking whether ln -s works
configure:5107: result: yes
configure:5114: checking how to recognize dependent libraries
configure:5300: result: pass_all
configure:5385: cc -c -g  -O0  conftest.c >&5
configure:5388: $? = 0
configure:5518: checking for ANSI C header files
configure:5538: cc -c -g  -O0  conftest.c >&5
configure:5538: $? = 0
configure:5611: cc -o conftest -g  -O0   conftest.c -lstdc++  >&5
configure:5611: $? = 0
configure:5611: ./conftest
configure:5611: $? = 0
configure:5622: result: yes
configure:5635: checking for sys/types.h
configure:5635: cc -c -g  -O0  conftest.c >&5
configure:5635: $? = 0
configure:5635: result: yes
configure:5635: checking for sys/stat.h
configure:5635: cc -c -g  -O0  conftest.c >&5
configure:5635: $? = 0
configure:5635: result: yes
configure:5635: checking for stdlib.h
configure:5635: cc -c -g  -O0  conftest.c >&5
configure:5635: $? = 0
configure:5635: result: yes
configure:5635: checking for string.h
configure:5635: cc -c -g  -O0  conftest.c >&5
configure:5635: $? = 0
configure:5635: result: yes
configure:5635: checking for memory.h
configure:5635: cc -c -g  -O0  conftest.c >&5
configure:5635: $? = 0
configure:5635: result: yes
configure:5635: checking for strings.h
configure:5635: cc -c -g  -O0  conftest.c >&5
configure:5635: $? = 0
configure:5635: result: yes
configure:5635: checking for inttypes.h
configure:5635: cc -c -g  -O0  conftest.c >&5
configure:5635: $? = 0
configure:5635: result: yes
configure:5635: checking for stdint.h
configure:5635: cc -c -g  -O0  conftest.c >&5
configure:5635: $? = 0
configure:5635: result: yes
configure:5635: checking for unistd.h
configure:5635: cc -c -g  -O0  conftest.c >&5
configure:5635: $? = 0
configure:5635: result: yes
configure:5649: checking dlfcn.h usability
configure:5649: cc -c -g  -O0  conftest.c >&5
configure:5649: $? = 0
configure:5649: result: yes
configure:5649: checking dlfcn.h presence
configure:5649: cc -E  conftest.c
configure:5649: $? = 0
configure:5649: result: yes
configure:5649: checking for dlfcn.h
configure:5649: result: yes
configure:5669: checking how to run the C++ preprocessor
configure:5735: result: g++ -E
configure:5755: g++ -E  conftest.cpp
configure:5755: $? = 0
configure:5769: g++ -E  conftest.cpp
conftest.cpp:21:10: fatal error: ac_nonexistent.h: No such file or directory
   21 | #include <ac_nonexistent.h>
      |          ^~~~~~~~~~~~~~~~~~
compilation terminated.
configure:5769: $? = 1
configure: failed program was:
| /* confdefs.h */
| #define PACKAGE_NAME ""
| #define PACKAGE_TARNAME ""
| #define PACKAGE_VERSION ""
| #define PACKAGE_STRING ""
| #define PACKAGE_BUGREPORT ""
| #define PACKAGE_URL ""
| #define COMPILE_DL_LAMBERTW 1
| #define STDC_HEADERS 1
| #define HAVE_SYS_TYPES_H 1
| #define HAVE_SYS_STAT_H 1
| #define HAVE_STDLIB_H 1
| #define HAVE_STRING_H 1
| #define HAVE_MEMORY_H 1
| #define HAVE_STRINGS_H 1
| #define HAVE_INTTYPES_H 1
| #define HAVE_STDINT_H 1
| #define HAVE_UNISTD_H 1
| #define HAVE_DLFCN_H 1
| /* end confdefs.h.  */
| #include <ac_nonexistent.h>
configure:5802: checking the maximum length of command line arguments
configure:5914: result: 1572864
configure:5926: checking command to parse /usr/bin/nm -B output from cc object
configure:6031: g++ -c  -g -O0  conftest.cpp >&5
configure:6034: $? = 0
configure:6038: /usr/bin/nm -B conftest.o \| sed -n -e 's/^.*[ 	]\([ABCDGIRSTW][ABCDGIRSTW]*\)[ 	][ 	]*\([_A-Za-z][_A-Za-z0-9]*\)$/\1 \2 \2/p' \> conftest.nm
configure:6041: $? = 0
configure:6093: g++ -o conftest  -g -O0   conftest.cpp conftstm.o >&5
configure:6096: $? = 0
configure:6134: result: ok
configure:6138: checking for objdir
configure:6153: result: .libs
configure:6245: checking for ar
configure:6261: found /usr/bin/ar
configure:6272: result: ar
configure:6337: checking for ranlib
configure:6353: found /usr/bin/ranlib
configure:6364: result: ranlib
configure:6429: checking for strip
configure:6445: found /usr/bin/strip
configure:6456: result: strip
configure:7025: checking if cc supports -fno-rtti -fno-exceptions
configure:7074: cc -c -g  -O0  -fno-rtti -fno-exceptions conftest.c >&5
cc1: warning: command line option '-fno-rtti' is valid for C++/D/ObjC++ but not for C
configure:7078: $? = 0
configure:7060: result: no
configure:7050: checking for cc option to produce PIC
configure:7290: result: -fPIC
configure:7298: checking if cc PIC flag -fPIC works
configure:7372: cc -c -g  -O0  -fPIC -DPIC conftest.c >&5
configure:7376: $? = 0
configure:7333: result: yes
configure:7332: checking if cc static flag -static works
configure:7360: result: yes
configure:7370: checking if cc supports -c -o file.o
configure:7476: cc -c -g  -O0  -o out/conftest2.o conftest.c >&5
configure:7480: $? = 0
configure:7393: result: yes
configure:7419: checking whether the cc linker (/usr/bin/ld -m elf_x86_64) supports shared libraries
configure:8347: result: yes
configure:8368: checking whether -lc should be explicitly linked in
configure:8373: cc -c -g  -O0  conftest.c >&5
configure:8376: $? = 0
configure:8391: cc -shared conftest.o  -v -Wl,-soname -Wl,conftest -o conftest 2\>\&1 \| grep  -lc  \>/dev/null 2\>\&1
configure:8394: $? = 0
configure:8406: result: no
configure:8414: checking dynamic linker characteristics
configure:9012: result: GNU/Linux ld.so
configure:9036: checking how to hardcode library paths into programs
configure:9061: result: immediate
configure:9075: checking whether stripping libraries is possible
configure:9080: result: yes
configure:9597: checking if libtool supports shared libraries
configure:9599: result: yes
configure:9602: checking whether to build shared libraries
configure:9623: result: yes
configure:9626: checking whether to build static libraries
configure:9630: result: no
configure:9725: result:
creating libtool
configure:10316: checking for ld used by g++
configure:10383: result: /usr/bin/ld -m elf_x86_64
configure:10390: checking if the linker (/usr/bin/ld -m elf_x86_64) is GNU ld
configure:10405: result: yes
configure:10456: checking whether the g++ linker (/usr/bin/ld -m elf_x86_64) supports shared libraries
configure:11354: result: yes
configure:11375: g++ -c  -g -O0  conftest.cpp >&5
configure:11378: $? = 0
configure:11534: checking for g++ option to produce PIC
configure:11824: result: -fPIC
configure:11832: checking if g++ PIC flag -fPIC works
configure:11959: g++ -c  -g -O0  -fPIC -DPIC conftest.cpp >&5
configure:11963: $? = 0
configure:11867: result: yes
configure:11895: checking if g++ static flag -static works
configure:11923: result: yes
configure:11933: checking if g++ supports -c -o file.o
configure:12063: g++ -c  -g -O0  -o out/conftest2.o conftest.cpp >&5
configure:12067: $? = 0
configure:11980: result: yes
configure:12006: checking whether the g++ linker (/usr/bin/ld -m elf_x86_64) supports shared libraries
configure:12032: result: yes
configure:12099: checking dynamic linker characteristics
configure:12645: result: GNU/Linux ld.so
configure:12669: checking how to hardcode library paths into programs
configure:12694: result: immediate
configure:13413: patching config.h.in
configure:13424: creating ./config.status

## ---------------------- ##
## Running config.status. ##
## ---------------------- ##

This file was extended by config.status, which was
generated by GNU Autoconf 2.69.  Invocation command line was

  CONFIG_FILES    = 
  CONFIG_HEADERS  = 
  CONFIG_LINKS    = 
  CONFIG_COMMANDS = 
  $ ./config.status 

on integral

config.status:672: creating config.h

## ---------------- ##
## Cache variables. ##
## ---------------- ##

ac_cv_build=x86_64-pc-linux-gnu
ac_cv_c_compiler_gnu=yes
ac_cv_cxx_compiler_gnu=yes
ac_cv_env_CCC_set=
ac_cv_env_CCC_value=
ac_cv_env_CC_set=
ac_cv_env_CC_value=
ac_cv_env_CFLAGS_set=
ac_cv_env_CFLAGS_value=
ac_cv_env_CPPFLAGS_set=
ac_cv_env_CPPFLAGS_value=
ac_cv_env_CPP_set=
ac_cv_env_CPP_value=
ac_cv_env_CXXCPP_set=
ac_cv_env_CXXCPP_value=
ac_cv_env_CXXFLAGS_set=
ac_cv_env_CXXFLAGS_value=
ac_cv_env_CXX_set=
ac_cv_env_CXX_value=
ac_cv_env_LDFLAGS_set=
ac_cv_env_LDFLAGS_value=
ac_cv_env_LIBS_set=
ac_cv_env_LIBS_value=
ac_cv_env_PKG_CONFIG_LIBDIR_set=
ac_cv_env_PKG_CONFIG_LIBDIR_value=
ac_cv_env_PKG_CONFIG_PATH_set=
ac_cv_env_PKG_CONFIG_PATH_value=
ac_cv_env_PKG_CONFIG_set=
ac_cv_env_PKG_CONFIG_value=
ac_cv_env_build_alias_set=
ac_cv_env_build_alias_value=
ac_cv_env_host_alias_set=
ac_cv_env_host_alias_value=
ac_cv_env_target_alias_set=
ac_cv_env_target_alias_value=
ac_cv_header_dlfcn_h=yes
ac_cv_header_inttypes_h=yes
ac_cv_header_memory_h=yes
ac_cv_header_stdc=yes
ac_cv_header_stdint_h=yes
ac_cv_header_stdlib_h=yes
ac_cv_header_string_h=yes
ac_cv_header_strings_h=yes
ac_cv_header_sys_stat_h=yes
ac_cv_header_sys_types_h=yes
ac_cv_header_unistd_h=yes
ac_cv_host=x86_64-pc-linux-gnu
ac_cv_objext=o
ac_cv_path_EGREP='/usr/bin/grep -E'
ac_cv_path_GREP=/usr/bin/grep
ac_cv_path_SED=/usr/bin/sed
ac_cv_path_ac_pt_PKG_CONFIG=/usr/bin/pkg-config
ac_cv_prog_AWK=nawk
ac_cv_prog_CPP='cc -E'
ac_cv_prog_CXXCPP='g++ -E'
ac_cv_prog_ac_ct_AR=ar
ac_cv_prog_ac_ct_CC=cc
ac_cv_prog_ac_ct_CXX=g++
ac_cv_prog_ac_ct_RANLIB=ranlib
ac_cv_prog_ac_ct_STRIP=strip
ac_cv_prog_cc_c89=
ac_cv_prog_cc_g=yes
ac_cv_prog_cxx_g=yes
ac_cv_target=x86_64-pc-linux-gnu
lt_cv_deplibs_check_method=pass_all
lt_cv_file_magic_cmd='$MAGIC_CMD'
lt_cv_file_magic_test_file=
lt_cv_ld_reload_flag=-r
lt_cv_objdir=.libs
lt_cv_path_LD=/usr/bin/ld
lt_cv_path_LDCXX='/usr/bin/ld -m elf_x86_64'
lt_cv_path_NM='/usr/bin/nm -B'
lt_cv_path_SED=/usr/bin/sed
lt_cv_prog_compiler_c_o=yes
lt_cv_prog_compiler_c_o_CXX=yes
lt_cv_prog_compiler_pic_works=yes
lt_cv_prog_compiler_pic_works_CXX=yes
lt_cv_prog_compiler_rtti_exceptions=no
lt_cv_prog_compiler_static_works=yes
lt_cv_prog_compiler_static_works_CXX=yes
lt_cv_prog_gnu_ld=yes
lt_cv_prog_gnu_ldcxx=yes
lt_cv_sys_global_symbol_pipe='sed -n -e '\''s/^.*[ 	]\([ABCDGIRSTW][ABCDGIRSTW]*\)[ 	][ 	]*\([_A-Za-z][_A-Za-z0-9]*\)$/\1 \2 \2/p'\'''
lt_cv_sys_global_symbol_to_c_name_address='sed -n -e '\''s/^: \([^ ]*\) $/  {\"\1\", (lt_ptr) 0},/p'\'' -e '\''s/^[BCDEGRST] \([^ ]*\) \([^ ]*\)$/  {"\2", (lt_ptr) \&\2},/p'\'''
lt_cv_sys_global_symbol_to_cdecl='sed -n -e '\''s/^. .* \(.*\)$/extern int \1;/p'\'''
lt_cv_sys_lib_dlsearch_path_spec='/lib /usr/lib /usr/lib/x86_64-linux-gnu/libfakeroot /usr/local/lib /usr/local/lib /usr/local/lib/x86_64-linux-gnu /lib/x86_64-linux-gnu /usr/lib/x86_64-linux-gnu /lib32 /usr/lib32 '
lt_cv_sys_lib_search_path_spec='/usr/lib/gcc/x86_64-linux-gnu/9 /usr/lib/x86_64-linux-gnu /usr/lib /lib/x86_64-linux-gnu /lib'
lt_cv_sys_max_cmd_len=1572864
lt_lt_cv_prog_compiler_c_o='"yes"'
lt_lt_cv_prog_compiler_c_o_CXX='"yes"'
lt_lt_cv_sys_global_symbol_pipe='"sed -n -e '\''s/^.*[ 	]\\([ABCDGIRSTW][ABCDGIRSTW]*\\)[ 	][ 	]*\\([_A-Za-z][_A-Za-z0-9]*\\)\$/\\1 \\2 \\2/p'\''"'
lt_lt_cv_sys_global_symbol_to_c_name_address='"sed -n -e '\''s/^: \\([^ ]*\\) \$/  {\\\"\\1\\\", (lt_ptr) 0},/p'\'' -e '\''s/^[BCDEGRST] \\([^ ]*\\) \\([^ ]*\\)\$/  {\"\\2\", (lt_ptr) \\&\\2},/p'\''"'
lt_lt_cv_sys_global_symbol_to_cdecl='"sed -n -e '\''s/^. .* \\(.*\\)\$/extern int \\1;/p'\''"'
php_cv_cc_dashr=no
php_cv_cc_rpath=yes

## ----------------- ##
## Output variables. ##
## ----------------- ##

AR='ar'
AWK='nawk'
CC='cc'
CFLAGS='-g  -O0'
CONFIGURE_COMMAND=' '\''./configure'\'' '
CONFIGURE_OPTIONS=''
CPP='cc -E'
CPPFLAGS=' -DHAVE_CONFIG_H'
CXX='g++'
CXXCPP='g++ -E'
CXXFLAGS=' -g -O0'
DEFS='-DHAVE_CONFIG_H'
DSYMUTIL=''
ECHO='echo'
ECHO_C=''
ECHO_N='-n'
ECHO_T=''
EGREP='/usr/bin/grep -E'
EXEEXT=''
GREP='/usr/bin/grep'
LDFLAGS=''
LIBOBJS=''
LIBS='-lstdc++ '
LIBTOOL='$(SHELL) $(top_builddir)/libtool'
LN_S='ln -s'
LTLIBOBJS=''
NMEDIT=''
OBJEXT='o'
PACKAGE_BUGREPORT=''
PACKAGE_NAME=''
PACKAGE_STRING=''
PACKAGE_TARNAME=''
PACKAGE_URL=''
PACKAGE_VERSION=''
PATH_SEPARATOR=':'
PKG_CONFIG='/usr/bin/pkg-config'
PKG_CONFIG_LIBDIR=''
PKG_CONFIG_PATH=''
RANLIB='ranlib'
SED='/usr/bin/sed'
SHELL='/bin/bash'
SHLIB_DL_SUFFIX_NAME='so'
SHLIB_SUFFIX_NAME='so'
STRIP='strip'
ac_ct_CC='cc'
ac_ct_CXX='g++'
bindir='${exec_prefix}/bin'
build='x86_64-pc-linux-gnu'
build_alias=''
build_cpu='x86_64'
build_os='linux-gnu'
build_vendor='pc'
datadir='${datarootdir}'
datarootdir='${prefix}/share'
docdir='${datarootdir}/doc/${PACKAGE}'
dvidir='${docdir}'
exec_prefix='$(prefix)'
host='x86_64-pc-linux-gnu'
host_alias='x86_64-pc-linux-gnu'
host_cpu='x86_64'
host_os='linux-gnu'
host_vendor='pc'
htmldir='${docdir}'
includedir='${prefix}/include'
infodir='${datarootdir}/info'
libdir='${exec_prefix}/lib'
libexecdir='${exec_prefix}/libexec'
localedir='${datarootdir}/locale'
localstatedir='${prefix}/var'
mandir='${datarootdir}/man'
oldincludedir='/usr/include'
pdfdir='${docdir}'
prefix='/usr/local'
program_transform_name='s,x,x,'
psdir='${docdir}'
runstatedir='${localstatedir}/run'
sbindir='${exec_prefix}/sbin'
sharedstatedir='${prefix}/com'
sysconfdir='${prefix}/etc'
target='x86_64-pc-linux-gnu'
target_alias=''
target_cpu='x86_64'
target_os='linux-gnu'
target_vendor='pc'

## ----------- ##
## confdefs.h. ##
## ----------- ##

/* confdefs.h */
#define PACKAGE_NAME ""
#define PACKAGE_TARNAME ""
#define PACKAGE_VERSION ""
#define PACKAGE_STRING ""
#define PACKAGE_BUGREPORT ""
#define PACKAGE_URL ""
#define COMPILE_DL_LAMBERTW 1
#define STDC_HEADERS 1
#define HAVE_SYS_TYPES_H 1
#define HAVE_SYS_STAT_H 1
#define HAVE_STDLIB_H 1
#define HAVE_STRING_H 1
#define HAVE_MEMORY_H 1
#define HAVE_STRINGS_H 1
#define HAVE_INTTYPES_H 1
#define HAVE_STDINT_H 1
#define HAVE_UNISTD_H 1
#define HAVE_DLFCN_H 1

configure: exit 0
